<?xml version="1.0" encoding="UTF-8" ?>
<testsuites disabled="0" errors="0" failures="1" tests="2" time="19.235">
 <testsuite name="Login suite TC01" timestamp="2019-07-04T17:18:41" hostname="localhost" time="9.398" errors="0" tests="1" skipped="0" disabled="0" failures="1">
  <testcase classname="Login suite TC01" name="TC01- User can login into Raiway with valid username and password" time="9.396">
   <failure type="exception" message="Failed: Failed by: Could not login. Welcome liennguyenlogigear12@gmail.com does nto equal to aaaWelcome liennguyenlogigear12@gmail.com"><![CDATA[Error: Failed by: Could not login. Welcome liennguyenlogigear12@gmail.com does nto equal to aaaWelcome liennguyenlogigear12@gmail.com
    at compare (F:\ProtractorPractice\source\src\utilities\matcher\customerMatcher.ts:48:27)
    at compare (C:\Users\lien.nguyen\AppData\Roaming\npm\node_modules\protractor\node_modules\jasminewd2\index.js:284:35)
    at C:\Users\lien.nguyen\AppData\Roaming\npm\node_modules\protractor\node_modules\jasminewd2\index.js:269:16
    at resolveAt (C:\Users\lien.nguyen\AppData\Roaming\npm\node_modules\protractor\node_modules\jasminewd2\maybePromise.js:62:14)
    at C:\Users\lien.nguyen\AppData\Roaming\npm\node_modules\protractor\node_modules\jasminewd2\maybePromise.js:66:16
    at maybePromise (C:\Users\lien.nguyen\AppData\Roaming\npm\node_modules\protractor\node_modules\jasminewd2\maybePromise.js:43:12)
    at resolveAt (C:\Users\lien.nguyen\AppData\Roaming\npm\node_modules\protractor\node_modules\jasminewd2\maybePromise.js:64:14)
    at C:\Users\lien.nguyen\AppData\Roaming\npm\node_modules\protractor\node_modules\jasminewd2\maybePromise.js:66:16
    at maybePromise (C:\Users\lien.nguyen\AppData\Roaming\npm\node_modules\protractor\node_modules\jasminewd2\maybePromise.js:43:12)
    at resolveAt (C:\Users\lien.nguyen\AppData\Roaming\npm\node_modules\protractor\node_modules\jasminewd2\maybePromise.js:64:14)
From: Task: Run it("TC01- User can login into Raiway with valid username and password") in control flow
    at UserContext.<anonymous> (C:\Users\lien.nguyen\AppData\Roaming\npm\node_modules\protractor\node_modules\jasminewd2\index.js:94:19)
    at attempt (C:\Users\lien.nguyen\AppData\Roaming\npm\node_modules\protractor\node_modules\jasmine-core\lib\jasmine-core\jasmine.js:4297:26)
    at QueueRunner.run (C:\Users\lien.nguyen\AppData\Roaming\npm\node_modules\protractor\node_modules\jasmine-core\lib\jasmine-core\jasmine.js:4217:20)
    at runNext (C:\Users\lien.nguyen\AppData\Roaming\npm\node_modules\protractor\node_modules\jasmine-core\lib\jasmine-core\jasmine.js:4257:20)
    at C:\Users\lien.nguyen\AppData\Roaming\npm\node_modules\protractor\node_modules\jasmine-core\lib\jasmine-core\jasmine.js:4264:13
    at C:\Users\lien.nguyen\AppData\Roaming\npm\node_modules\protractor\node_modules\jasmine-core\lib\jasmine-core\jasmine.js:4172:9
    at C:\Users\lien.nguyen\AppData\Roaming\npm\node_modules\protractor\node_modules\jasminewd2\index.js:64:48
    at ControlFlow.emit (C:\Users\lien.nguyen\AppData\Roaming\npm\node_modules\protractor\node_modules\selenium-webdriver\lib\events.js:62:21)
    at ControlFlow.shutdown_ (C:\Users\lien.nguyen\AppData\Roaming\npm\node_modules\protractor\node_modules\selenium-webdriver\lib\promise.js:2674:10)
    at shutdownTask_.MicroTask (C:\Users\lien.nguyen\AppData\Roaming\npm\node_modules\protractor\node_modules\selenium-webdriver\lib\promise.js:2599:53)
From asynchronous test: 
Error
    at Suite.<anonymous> (F:\ProtractorPractice\source\src\testcases\TC-01.ts:29:3)
    at addSpecsToSuite (C:\Users\lien.nguyen\AppData\Roaming\npm\node_modules\protractor\node_modules\jasmine-core\lib\jasmine-core\jasmine.js:1107:25)
    at Env.describe (C:\Users\lien.nguyen\AppData\Roaming\npm\node_modules\protractor\node_modules\jasmine-core\lib\jasmine-core\jasmine.js:1074:7)
    at describe (C:\Users\lien.nguyen\AppData\Roaming\npm\node_modules\protractor\node_modules\jasmine-core\lib\jasmine-core\jasmine.js:4399:18)
    at Object.<anonymous> (F:\ProtractorPractice\source\src\testcases\TC-01.ts:15:1)
    at Module._compile (internal/modules/cjs/loader.js:701:30)
    at Object.Module._extensions..js (internal/modules/cjs/loader.js:712:10)
    at Module.load (internal/modules/cjs/loader.js:600:32)
    at tryModuleLoad (internal/modules/cjs/loader.js:539:12)]]>
   </failure>
  </testcase>
 </testsuite>
 <testsuite name="Login suite - TC02" timestamp="2019-07-04T17:18:51" hostname="localhost" time="9.837" errors="0" tests="1" skipped="0" disabled="0" failures="0">
  <testcase classname="Login suite - TC02" name="TC02- User can not login with blank Username textbox" time="9.836" />
 </testsuite>
</testsuites>