<?xml version="1.0" encoding="UTF-8" ?>
<testsuites disabled="0" errors="0" failures="2" tests="4" time="25.13">
 <testsuite name="Login suite - TC02" timestamp="2019-07-09T17:24:01" hostname="localhost" time="5.621" errors="0" tests="1" skipped="0" disabled="0" failures="0">
  <testcase classname="Login suite - TC02" name="TC02- User can not login with blank Username textbox" time="5.618" />
 </testsuite>
 <testsuite name="Login suite TC01" timestamp="2019-07-09T17:24:07" hostname="localhost" time="5.86" errors="0" tests="1" skipped="0" disabled="0" failures="1">
  <testcase classname="Login suite TC01" name="TC01- User can login into Raiway with valid username and password" time="5.859">
   <failure type="exception" message="Failed: Failed by: Could not login. Welcome liennguyenlogigear12@gmail.com does not equal to aaaWelcome liennguyenlogigear12@gmail.com"><![CDATA[Error: Failed by: Could not login. Welcome liennguyenlogigear12@gmail.com does not equal to aaaWelcome liennguyenlogigear12@gmail.com
    at compare (F:\ProtractorPractice\src\utilities\matcher\customerMatcher.ts:48:27)
    at compare (C:\Users\lien.nguyen\AppData\Roaming\npm\node_modules\protractor\node_modules\jasminewd2\index.js:284:35)
    at C:\Users\lien.nguyen\AppData\Roaming\npm\node_modules\protractor\node_modules\jasminewd2\index.js:269:16
    at resolveAt (C:\Users\lien.nguyen\AppData\Roaming\npm\node_modules\protractor\node_modules\jasminewd2\maybePromise.js:62:14)
    at C:\Users\lien.nguyen\AppData\Roaming\npm\node_modules\protractor\node_modules\jasminewd2\maybePromise.js:66:16
    at maybePromise (C:\Users\lien.nguyen\AppData\Roaming\npm\node_modules\protractor\node_modules\jasminewd2\maybePromise.js:43:12)
    at resolveAt (C:\Users\lien.nguyen\AppData\Roaming\npm\node_modules\protractor\node_modules\jasminewd2\maybePromise.js:64:14)
    at C:\Users\lien.nguyen\AppData\Roaming\npm\node_modules\protractor\node_modules\jasminewd2\maybePromise.js:66:16
    at maybePromise (C:\Users\lien.nguyen\AppData\Roaming\npm\node_modules\protractor\node_modules\jasminewd2\maybePromise.js:43:12)
    at resolveAt (C:\Users\lien.nguyen\AppData\Roaming\npm\node_modules\protractor\node_modules\jasminewd2\maybePromise.js:64:14)
From asynchronous test: 
Error
    at Suite.<anonymous> (F:\ProtractorPractice\src\testcases\TC-01.ts:28:3)
    at addSpecsToSuite (C:\Users\lien.nguyen\AppData\Roaming\npm\node_modules\protractor\node_modules\jasmine-core\lib\jasmine-core\jasmine.js:1107:25)
    at Env.describe (C:\Users\lien.nguyen\AppData\Roaming\npm\node_modules\protractor\node_modules\jasmine-core\lib\jasmine-core\jasmine.js:1074:7)
    at describe (C:\Users\lien.nguyen\AppData\Roaming\npm\node_modules\protractor\node_modules\jasmine-core\lib\jasmine-core\jasmine.js:4399:18)
    at Object.<anonymous> (F:\ProtractorPractice\src\testcases\TC-01.ts:14:1)
    at Module._compile (internal/modules/cjs/loader.js:701:30)
    at Object.Module._extensions..js (internal/modules/cjs/loader.js:712:10)
    at Module.load (internal/modules/cjs/loader.js:600:32)
    at tryModuleLoad (internal/modules/cjs/loader.js:539:12)]]>
   </failure>
  </testcase>
 </testsuite>
 <testsuite name="Login suite - TC02" timestamp="2019-07-09T17:24:12" hostname="localhost" time="5.36" errors="0" tests="1" skipped="0" disabled="0" failures="0">
  <testcase classname="Login suite - TC02" name="Login page displays when un-logged User clicks on Book ticket tab" time="5.359" />
 </testsuite>
 <testsuite name="Login suite - TC04" timestamp="2019-07-09T17:24:18" hostname="localhost" time="8.289" errors="0" tests="1" skipped="0" disabled="0" failures="1">
  <testcase classname="Login suite - TC04" name="Login page displays when un-logged User clicks on Book ticket tab" time="8.288">
   <failure type="exception" message="Failed: Failed by BugJiraID-02: The warning message does not display after wrong loging 4 times in Railway website. Invalid username or password. Please try again. does not equal to You have used 4 out of 5 login attempts. After all 5 have been used, you will be unable to login for 15 minutes"><![CDATA[Error: Failed by BugJiraID-02: The warning message does not display after wrong loging 4 times in Railway website. Invalid username or password. Please try again. does not equal to You have used 4 out of 5 login attempts. After all 5 have been used, you will be unable to login for 15 minutes
    at compare (F:\ProtractorPractice\src\utilities\matcher\customerMatcher.ts:48:27)
    at compare (C:\Users\lien.nguyen\AppData\Roaming\npm\node_modules\protractor\node_modules\jasminewd2\index.js:284:35)
    at C:\Users\lien.nguyen\AppData\Roaming\npm\node_modules\protractor\node_modules\jasminewd2\index.js:269:16
    at resolveAt (C:\Users\lien.nguyen\AppData\Roaming\npm\node_modules\protractor\node_modules\jasminewd2\maybePromise.js:62:14)
    at C:\Users\lien.nguyen\AppData\Roaming\npm\node_modules\protractor\node_modules\jasminewd2\maybePromise.js:66:16
    at maybePromise (C:\Users\lien.nguyen\AppData\Roaming\npm\node_modules\protractor\node_modules\jasminewd2\maybePromise.js:43:12)
    at resolveAt (C:\Users\lien.nguyen\AppData\Roaming\npm\node_modules\protractor\node_modules\jasminewd2\maybePromise.js:64:14)
    at C:\Users\lien.nguyen\AppData\Roaming\npm\node_modules\protractor\node_modules\jasminewd2\maybePromise.js:66:16
    at maybePromise (C:\Users\lien.nguyen\AppData\Roaming\npm\node_modules\protractor\node_modules\jasminewd2\maybePromise.js:43:12)
    at resolveAt (C:\Users\lien.nguyen\AppData\Roaming\npm\node_modules\protractor\node_modules\jasminewd2\maybePromise.js:64:14)
From asynchronous test: 
Error
    at Suite.<anonymous> (F:\ProtractorPractice\src\testcases\TC-04.ts:29:3)
    at addSpecsToSuite (C:\Users\lien.nguyen\AppData\Roaming\npm\node_modules\protractor\node_modules\jasmine-core\lib\jasmine-core\jasmine.js:1107:25)
    at Env.describe (C:\Users\lien.nguyen\AppData\Roaming\npm\node_modules\protractor\node_modules\jasmine-core\lib\jasmine-core\jasmine.js:1074:7)
    at describe (C:\Users\lien.nguyen\AppData\Roaming\npm\node_modules\protractor\node_modules\jasmine-core\lib\jasmine-core\jasmine.js:4399:18)
    at Object.<anonymous> (F:\ProtractorPractice\src\testcases\TC-04.ts:14:1)
    at Module._compile (internal/modules/cjs/loader.js:701:30)
    at Object.Module._extensions..js (internal/modules/cjs/loader.js:712:10)
    at Module.load (internal/modules/cjs/loader.js:600:32)
    at tryModuleLoad (internal/modules/cjs/loader.js:539:12)]]>
   </failure>
  </testcase>
 </testsuite>
</testsuites>